2016/01/13 22:18:58 method Done has wrong number of ins: 2
2016/01/13 22:18:58 method Kill has wrong number of ins: 1
2016/01/13 22:18:58 method Max has wrong number of ins: 1
2016/01/13 22:18:58 method Min has wrong number of ins: 1
2016/01/13 22:18:58 method RunProposor reply type not a pointer: interface {}
2016/01/13 22:18:58 method Start reply type not a pointer: interface {}
2016/01/13 22:18:58 method Status has wrong number of ins: 2
2016/01/13 22:18:58 method Done has wrong number of ins: 2
2016/01/13 22:18:58 method Kill has wrong number of ins: 1
2016/01/13 22:18:58 method Max has wrong number of ins: 1
2016/01/13 22:18:58 method Min has wrong number of ins: 1
2016/01/13 22:18:58 method RunProposor reply type not a pointer: interface {}
2016/01/13 22:18:58 method Start reply type not a pointer: interface {}
2016/01/13 22:18:58 method Status has wrong number of ins: 2
2016/01/13 22:18:58 method Done has wrong number of ins: 2
2016/01/13 22:18:58 method Kill has wrong number of ins: 1
2016/01/13 22:18:58 method Max has wrong number of ins: 1
2016/01/13 22:18:58 method Min has wrong number of ins: 1
2016/01/13 22:18:58 method RunProposor reply type not a pointer: interface {}
2016/01/13 22:18:58 method Start reply type not a pointer: interface {}
2016/01/13 22:18:58 method Status has wrong number of ins: 2
Test: Single proposer ...
2016/01/13 22:18:58 0 Start 0 on hello
2016/01/13 22:18:58 s0 status (0,<nil>)
2016/01/13 22:18:58 s0 Acceptor Prepare(1452694738424819022-0)
2016/01/13 22:18:58 0 got PrepareOK
2016/01/13 22:18:58 s1 Acceptor Prepare(1452694738424819022-0)
2016/01/13 22:18:58 0 got PrepareOK
2016/01/13 22:18:58 s2 Acceptor Prepare(1452694738424819022-0)
2016/01/13 22:18:58 0 got PrepareOK
2016/01/13 22:18:58 (Nmax,Vmax):(0,<nil>) after Prepare(1452694738424819022-0)
2016/01/13 22:18:58 1 decided on hello
2016/01/13 22:18:58 2 decided on hello
2016/01/13 22:18:58 0:s0 sent Decide hello.
2016/01/13 22:18:58 s0 status (0,hello)
2016/01/13 22:18:58 s1 status (0,hello)
2016/01/13 22:18:58 s2 status (0,hello)
2016/01/13 22:18:58 s0 status (0,hello)
2016/01/13 22:18:58 s1 status (0,hello)
2016/01/13 22:18:58 s2 status (0,hello)
  ... Passed
Test: Many proposers, same value ...
2016/01/13 22:18:58 0 Start 1 on 77
2016/01/13 22:18:58 1 Start 1 on 77
2016/01/13 22:18:58 2 Start 1 on 77
2016/01/13 22:18:58 s0 status (1,<nil>)
2016/01/13 22:18:58 s1 status (1,<nil>)
2016/01/13 22:18:58 s2 status (1,<nil>)
2016/01/13 22:18:58 s0 Acceptor Prepare(1452694738434966644-0)
2016/01/13 22:18:58 s0 Acceptor Prepare(1452694738435055130-1)
2016/01/13 22:18:58 s0 Acceptor Prepare(1452694738435130081-2)
2016/01/13 22:18:58 1 got PrepareOK
2016/01/13 22:18:58 0 got PrepareOK
2016/01/13 22:18:58 2 got PrepareOK
2016/01/13 22:18:58 s1 Acceptor Prepare(1452694738435055130-1)
2016/01/13 22:18:58 1 got PrepareOK
2016/01/13 22:18:58 s2 Acceptor Prepare(1452694738435055130-1)
2016/01/13 22:18:58 s1 Acceptor Prepare(1452694738435130081-2)
2016/01/13 22:18:58 1 got PrepareOK
2016/01/13 22:18:58 (Nmax,Vmax):(0,<nil>) after Prepare(1452694738435055130-1)
2016/01/13 22:18:58 2 got PrepareOK
2016/01/13 22:18:58 s2 Acceptor Prepare(1452694738435130081-2)
2016/01/13 22:18:58 2 got PrepareOK
2016/01/13 22:18:58 (Nmax,Vmax):(0,<nil>) after Prepare(1452694738435130081-2)
2016/01/13 22:18:58 0 prepared(%!d(string=1452694738434966644-0)): less than half OK
2016/01/13 22:18:58 s0 Acceptor Prepare(1452694738438157341-0)
2016/01/13 22:18:58 0 got PrepareOK
2016/01/13 22:18:58 s1 Acceptor Prepare(1452694738438157341-0)
2016/01/13 22:18:58 0 got PrepareOK
2016/01/13 22:18:58 s2 Acceptor Prepare(1452694738438157341-0)
2016/01/13 22:18:58 0 got PrepareOK
2016/01/13 22:18:58 (Nmax,Vmax):(1452694738435130081-2,77) after Prepare(1452694738438157341-0)
2016/01/13 22:18:58 0 decided on 77
2016/01/13 22:18:58 s0 Acceptor Prepare(1452694738439337949-1)
2016/01/13 22:18:58 1 decided on 77
2016/01/13 22:18:58 1 got PrepareOK
2016/01/13 22:18:58 1:s2 sent Decide 77.
2016/01/13 22:18:58 s1 Acceptor Prepare(1452694738439337949-1)
2016/01/13 22:18:58 1 got PrepareOK
2016/01/13 22:18:58 s2 Acceptor Prepare(1452694738439337949-1)
2016/01/13 22:18:58 1 got PrepareOK
2016/01/13 22:18:58 (Nmax,Vmax):(1452694738438157341-0,77) after Prepare(1452694738439337949-1)
2016/01/13 22:18:58 1 decided on 77
2016/01/13 22:18:58 2 decided on 77
2016/01/13 22:18:58 1:s0 sent Decide 77.
2016/01/13 22:18:58 0 decided on 77
2016/01/13 22:18:58 2 decided on 77
2016/01/13 22:18:58 1:s1 sent Decide 77.
2016/01/13 22:18:58 s0 status (1,77)
2016/01/13 22:18:58 s1 status (1,77)
2016/01/13 22:18:58 s2 status (1,77)
2016/01/13 22:18:58 s0 status (1,77)
2016/01/13 22:18:58 s1 status (1,77)
2016/01/13 22:18:58 s2 status (1,77)
  ... Passed
Test: Many proposers, different values ...
2016/01/13 22:18:58 0 Start 2 on 100
2016/01/13 22:18:58 1 Start 2 on 101
2016/01/13 22:18:58 2 Start 2 on 102
2016/01/13 22:18:58 s0 status (2,<nil>)
2016/01/13 22:18:58 s1 status (2,<nil>)
2016/01/13 22:18:58 s2 status (2,<nil>)
2016/01/13 22:18:58 s0 Acceptor Prepare(1452694738445226436-1)
2016/01/13 22:18:58 s0 Acceptor Prepare(1452694738445275836-2)
2016/01/13 22:18:58 1 got PrepareOK
2016/01/13 22:18:58 2 got PrepareOK
2016/01/13 22:18:58 s1 Acceptor Prepare(1452694738445275836-2)
2016/01/13 22:18:58 2 got PrepareOK
2016/01/13 22:18:58 s2 Acceptor Prepare(1452694738445226436-1)
2016/01/13 22:18:58 1 got PrepareOK
2016/01/13 22:18:58 (Nmax,Vmax):(0,<nil>) after Prepare(1452694738445226436-1)
2016/01/13 22:18:58 s2 Acceptor Prepare(1452694738445275836-2)
2016/01/13 22:18:58 2 got PrepareOK
2016/01/13 22:18:58 (Nmax,Vmax):(0,<nil>) after Prepare(1452694738445275836-2)
2016/01/13 22:18:58 0 prepared(%!d(string=1452694738445219024-0)): less than half OK
2016/01/13 22:18:58 s0 Acceptor Prepare(1452694738447338360-0)
2016/01/13 22:18:58 0 got PrepareOK
2016/01/13 22:18:58 s0 Acceptor Prepare(1452694738448215731-1)
2016/01/13 22:18:58 s1 Acceptor Prepare(1452694738447338360-0)
2016/01/13 22:18:58 1 got PrepareOK
2016/01/13 22:18:58 0 decided on 102
2016/01/13 22:18:58 0 got PrepareOK
2016/01/13 22:18:58 s1 Acceptor Prepare(1452694738448215731-1)
2016/01/13 22:18:58 1 got PrepareOK
2016/01/13 22:18:58 1 decided on 102
2016/01/13 22:18:58 2:s2 sent Decide 102.
2016/01/13 22:18:58 s2 Acceptor Prepare(1452694738447338360-0)
2016/01/13 22:18:58 s2 Acceptor Prepare(1452694738448215731-1)
2016/01/13 22:18:58 0 got PrepareOK
2016/01/13 22:18:58 (Nmax,Vmax):(1452694738445275836-2,102) after Prepare(1452694738447338360-0)
2016/01/13 22:18:58 1 got PrepareOK
2016/01/13 22:18:58 (Nmax,Vmax):(1452694738445275836-2,102) after Prepare(1452694738448215731-1)
2016/01/13 22:18:58 0 decided on 102
2016/01/13 22:18:58 2 decided on 102
2016/01/13 22:18:58 2:s1 sent Decide 102.
2016/01/13 22:18:58 s0 status (2,102)
2016/01/13 22:18:58 s1 status (2,102)
2016/01/13 22:18:58 s2 status (2,102)
2016/01/13 22:18:58 s0 status (2,102)
2016/01/13 22:18:58 s1 status (2,102)
2016/01/13 22:18:58 s2 status (2,102)
  ... Passed
Test: Out-of-order instances ...
2016/01/13 22:18:58 0 Start 7 on 700
2016/01/13 22:18:58 0 Start 6 on 600
2016/01/13 22:18:58 1 Start 5 on 500
2016/01/13 22:18:58 s0 status (7,<nil>)
2016/01/13 22:18:58 s0 Acceptor Prepare(1452694738455606876-1)
2016/01/13 22:18:58 s0 Acceptor Prepare(1452694738455479808-0)
2016/01/13 22:18:58 s0 Acceptor Prepare(1452694738455607027-0)
2016/01/13 22:18:58 1 got PrepareOK
2016/01/13 22:18:58 0 got PrepareOK
2016/01/13 22:18:58 s1 Acceptor Prepare(1452694738455606876-1)
2016/01/13 22:18:58 0 got PrepareOK
2016/01/13 22:18:58 1 got PrepareOK
2016/01/13 22:18:58 s1 Acceptor Prepare(1452694738455607027-0)
2016/01/13 22:18:58 s1 Acceptor Prepare(1452694738455479808-0)
2016/01/13 22:18:58 s2 Acceptor Prepare(1452694738455606876-1)
2016/01/13 22:18:58 0 got PrepareOK
2016/01/13 22:18:58 0 got PrepareOK
2016/01/13 22:18:58 1 got PrepareOK
2016/01/13 22:18:58 (Nmax,Vmax):(0,<nil>) after Prepare(1452694738455606876-1)
2016/01/13 22:18:58 s2 Acceptor Prepare(1452694738455607027-0)
2016/01/13 22:18:58 0 got PrepareOK
2016/01/13 22:18:58 (Nmax,Vmax):(0,<nil>) after Prepare(1452694738455607027-0)
2016/01/13 22:18:58 s2 Acceptor Prepare(1452694738455479808-0)
2016/01/13 22:18:58 0 got PrepareOK
2016/01/13 22:18:58 (Nmax,Vmax):(0,<nil>) after Prepare(1452694738455479808-0)
2016/01/13 22:18:58 1 decided on 700
2016/01/13 22:18:58 1 decided on 600
2016/01/13 22:18:58 0 decided on 500
2016/01/13 22:18:58 2 decided on 600
2016/01/13 22:18:58 6:s0 sent Decide 600.
2016/01/13 22:18:58 2 decided on 700
2016/01/13 22:18:58 2 decided on 500
2016/01/13 22:18:58 7:s0 sent Decide 700.
2016/01/13 22:18:58 5:s1 sent Decide 500.
2016/01/13 22:18:58 s0 status (7,700)
2016/01/13 22:18:58 s1 status (7,700)
2016/01/13 22:18:58 s2 status (7,700)
2016/01/13 22:18:58 s0 status (7,700)
2016/01/13 22:18:58 s1 status (7,700)
2016/01/13 22:18:58 s2 status (7,700)
2016/01/13 22:18:58 0 Start 4 on 400
2016/01/13 22:18:58 1 Start 3 on 300
2016/01/13 22:18:58 s0 status (6,600)
2016/01/13 22:18:58 s1 status (6,600)
2016/01/13 22:18:58 s2 status (6,600)
2016/01/13 22:18:58 s0 status (6,600)
2016/01/13 22:18:58 s1 status (6,600)
2016/01/13 22:18:58 s2 status (6,600)
2016/01/13 22:18:58 s0 status (5,500)
2016/01/13 22:18:58 s1 status (5,500)
2016/01/13 22:18:58 s2 status (5,500)
2016/01/13 22:18:58 s0 status (5,500)
2016/01/13 22:18:58 s1 status (5,500)
2016/01/13 22:18:58 s2 status (5,500)
2016/01/13 22:18:58 s0 status (4,<nil>)
2016/01/13 22:18:58 s0 Acceptor Prepare(1452694738465787582-1)
2016/01/13 22:18:58 s0 Acceptor Prepare(1452694738465705864-0)
2016/01/13 22:18:58 1 got PrepareOK
2016/01/13 22:18:58 0 got PrepareOK
2016/01/13 22:18:58 s1 Acceptor Prepare(1452694738465787582-1)
2016/01/13 22:18:58 s1 Acceptor Prepare(1452694738465705864-0)
2016/01/13 22:18:58 1 got PrepareOK
2016/01/13 22:18:58 0 got PrepareOK
2016/01/13 22:18:58 s2 Acceptor Prepare(1452694738465787582-1)
2016/01/13 22:18:58 s2 Acceptor Prepare(1452694738465705864-0)
2016/01/13 22:18:58 1 got PrepareOK
2016/01/13 22:18:58 (Nmax,Vmax):(0,<nil>) after Prepare(1452694738465787582-1)
2016/01/13 22:18:58 0 got PrepareOK
2016/01/13 22:18:58 (Nmax,Vmax):(0,<nil>) after Prepare(1452694738465705864-0)
2016/01/13 22:18:58 1 decided on 400
2016/01/13 22:18:58 0 decided on 300
2016/01/13 22:18:58 2 decided on 400
2016/01/13 22:18:58 2 decided on 300
2016/01/13 22:18:58 4:s0 sent Decide 400.
2016/01/13 22:18:58 3:s1 sent Decide 300.
2016/01/13 22:18:58 s0 status (4,400)
2016/01/13 22:18:58 s1 status (4,400)
2016/01/13 22:18:58 s2 status (4,400)
2016/01/13 22:18:58 s0 status (4,400)
2016/01/13 22:18:58 s1 status (4,400)
2016/01/13 22:18:58 s2 status (4,400)
2016/01/13 22:18:58 s0 status (3,300)
2016/01/13 22:18:58 s1 status (3,300)
2016/01/13 22:18:58 s2 status (3,300)
2016/01/13 22:18:58 s0 status (3,300)
2016/01/13 22:18:58 s1 status (3,300)
2016/01/13 22:18:58 s2 status (3,300)
  ... Passed
2016/01/13 22:18:58 method Done has wrong number of ins: 2
2016/01/13 22:18:58 method Kill has wrong number of ins: 1
2016/01/13 22:18:58 method Max has wrong number of ins: 1
2016/01/13 22:18:58 method Min has wrong number of ins: 1
2016/01/13 22:18:58 method RunProposor reply type not a pointer: interface {}
2016/01/13 22:18:58 method Start reply type not a pointer: interface {}
2016/01/13 22:18:58 method Status has wrong number of ins: 2
2016/01/13 22:18:58 method Done has wrong number of ins: 2
2016/01/13 22:18:58 method Kill has wrong number of ins: 1
2016/01/13 22:18:58 method Max has wrong number of ins: 1
2016/01/13 22:18:58 method Min has wrong number of ins: 1
2016/01/13 22:18:58 method RunProposor reply type not a pointer: interface {}
2016/01/13 22:18:58 method Start reply type not a pointer: interface {}
2016/01/13 22:18:58 method Status has wrong number of ins: 2
2016/01/13 22:18:58 method Done has wrong number of ins: 2
2016/01/13 22:18:58 method Kill has wrong number of ins: 1
2016/01/13 22:18:58 method Max has wrong number of ins: 1
2016/01/13 22:18:58 method Min has wrong number of ins: 1
2016/01/13 22:18:58 method RunProposor reply type not a pointer: interface {}
2016/01/13 22:18:58 method Start reply type not a pointer: interface {}
2016/01/13 22:18:58 method Status has wrong number of ins: 2
2016/01/13 22:18:58 method Done has wrong number of ins: 2
2016/01/13 22:18:58 method Kill has wrong number of ins: 1
2016/01/13 22:18:58 method Max has wrong number of ins: 1
2016/01/13 22:18:58 method Min has wrong number of ins: 1
2016/01/13 22:18:58 method RunProposor reply type not a pointer: interface {}
2016/01/13 22:18:58 method Start reply type not a pointer: interface {}
2016/01/13 22:18:58 method Status has wrong number of ins: 2
2016/01/13 22:18:58 method Done has wrong number of ins: 2
2016/01/13 22:18:58 method Kill has wrong number of ins: 1
2016/01/13 22:18:58 method Max has wrong number of ins: 1
2016/01/13 22:18:58 method Min has wrong number of ins: 1
2016/01/13 22:18:58 method RunProposor reply type not a pointer: interface {}
2016/01/13 22:18:58 method Start reply type not a pointer: interface {}
2016/01/13 22:18:58 method Status has wrong number of ins: 2
Test: Deaf proposer ...
2016/01/13 22:18:58 0 Start 0 on hello
2016/01/13 22:18:58 s0 status (0,<nil>)
2016/01/13 22:18:58 s0 Acceptor Prepare(1452694738476999487-0)
2016/01/13 22:18:58 0 got PrepareOK
2016/01/13 22:18:58 s1 Acceptor Prepare(1452694738476999487-0)
2016/01/13 22:18:58 0 got PrepareOK
2016/01/13 22:18:58 s2 Acceptor Prepare(1452694738476999487-0)
2016/01/13 22:18:58 0 got PrepareOK
2016/01/13 22:18:58 s3 Acceptor Prepare(1452694738476999487-0)
2016/01/13 22:18:58 0 got PrepareOK
2016/01/13 22:18:58 s4 Acceptor Prepare(1452694738476999487-0)
2016/01/13 22:18:58 0 got PrepareOK
2016/01/13 22:18:58 (Nmax,Vmax):(0,<nil>) after Prepare(1452694738476999487-0)
2016/01/13 22:18:58 1 decided on hello
2016/01/13 22:18:58 2 decided on hello
2016/01/13 22:18:58 3 decided on hello
2016/01/13 22:18:58 4 decided on hello
2016/01/13 22:18:58 0:s0 sent Decide hello.
2016/01/13 22:18:58 s0 status (0,hello)
2016/01/13 22:18:58 s1 status (0,hello)
2016/01/13 22:18:58 s2 status (0,hello)
2016/01/13 22:18:58 s3 status (0,hello)
2016/01/13 22:18:58 s4 status (0,hello)
2016/01/13 22:18:58 s0 status (0,hello)
2016/01/13 22:18:58 s1 status (0,hello)
2016/01/13 22:18:58 s2 status (0,hello)
2016/01/13 22:18:58 s3 status (0,hello)
2016/01/13 22:18:58 s4 status (0,hello)
2016/01/13 22:18:58 1 Start 1 on goodbye
2016/01/13 22:18:58 s1 status (1,<nil>)
paxos Dial() failed: dial unix /var/tmp/824-1000/px-10275-deaf-0: connect: no such file or directory
2016/01/13 22:18:58 s1 Acceptor Prepare(1452694738487412458-1)
2016/01/13 22:18:58 1 got PrepareOK
2016/01/13 22:18:58 s2 Acceptor Prepare(1452694738487412458-1)
2016/01/13 22:18:58 1 got PrepareOK
2016/01/13 22:18:58 s3 Acceptor Prepare(1452694738487412458-1)
2016/01/13 22:18:58 1 got PrepareOK
paxos Dial() failed: dial unix /var/tmp/824-1000/px-10275-deaf-4: connect: no such file or directory
2016/01/13 22:18:58 (Nmax,Vmax):(0,<nil>) after Prepare(1452694738487412458-1)
paxos Dial() failed: dial unix /var/tmp/824-1000/px-10275-deaf-0: connect: no such file or directory
paxos Dial() failed: dial unix /var/tmp/824-1000/px-10275-deaf-4: connect: no such file or directory
paxos Dial() failed: dial unix /var/tmp/824-1000/px-10275-deaf-0: connect: no such file or directory
2016/01/13 22:18:58 2 decided on goodbye
2016/01/13 22:18:58 3 decided on goodbye
paxos Dial() failed: dial unix /var/tmp/824-1000/px-10275-deaf-4: connect: no such file or directory
2016/01/13 22:18:58 1:s1 sent Decide goodbye.
2016/01/13 22:18:58 s1 status (1,goodbye)
2016/01/13 22:18:58 s2 status (1,goodbye)
2016/01/13 22:18:58 s3 status (1,goodbye)
2016/01/13 22:18:58 s1 status (1,goodbye)
2016/01/13 22:18:58 s2 status (1,goodbye)
2016/01/13 22:18:58 s3 status (1,goodbye)
2016/01/13 22:18:59 s1 status (1,goodbye)
2016/01/13 22:18:59 s2 status (1,goodbye)
2016/01/13 22:18:59 s3 status (1,goodbye)
2016/01/13 22:18:59 0 Start 1 on xxx
2016/01/13 22:18:59 s0 status (1,<nil>)
2016/01/13 22:18:59 s1 status (1,goodbye)
2016/01/13 22:18:59 s2 status (1,goodbye)
2016/01/13 22:18:59 s3 status (1,goodbye)
paxos Dial() failed: dial unix /var/tmp/824-1000/px-10275-deaf-0: connect: no such file or directory
2016/01/13 22:18:59 s1 Acceptor Prepare(1452694739498020219-0)
2016/01/13 22:18:59 0 got PrepareOK
2016/01/13 22:18:59 s2 Acceptor Prepare(1452694739498020219-0)
2016/01/13 22:18:59 0 got PrepareOK
2016/01/13 22:18:59 s3 Acceptor Prepare(1452694739498020219-0)
2016/01/13 22:18:59 0 got PrepareOK
paxos Dial() failed: dial unix /var/tmp/824-1000/px-10275-deaf-4: connect: no such file or directory
2016/01/13 22:18:59 (Nmax,Vmax):(1452694738487412458-1,goodbye) after Prepare(1452694739498020219-0)
paxos Dial() failed: dial unix /var/tmp/824-1000/px-10275-deaf-0: connect: no such file or directory
paxos Dial() failed: dial unix /var/tmp/824-1000/px-10275-deaf-4: connect: no such file or directory
2016/01/13 22:18:59 1 decided on goodbye
2016/01/13 22:18:59 2 decided on goodbye
2016/01/13 22:18:59 3 decided on goodbye
paxos Dial() failed: dial unix /var/tmp/824-1000/px-10275-deaf-4: connect: no such file or directory
2016/01/13 22:18:59 1:s0 sent Decide goodbye.
2016/01/13 22:18:59 s0 status (1,goodbye)
2016/01/13 22:18:59 s1 status (1,goodbye)
2016/01/13 22:18:59 s2 status (1,goodbye)
2016/01/13 22:18:59 s3 status (1,goodbye)
2016/01/13 22:18:59 s0 status (1,goodbye)
2016/01/13 22:18:59 s1 status (1,goodbye)
2016/01/13 22:18:59 s2 status (1,goodbye)
2016/01/13 22:18:59 s3 status (1,goodbye)
2016/01/13 22:19:00 s0 status (1,goodbye)
2016/01/13 22:19:00 s1 status (1,goodbye)
2016/01/13 22:19:00 s2 status (1,goodbye)
2016/01/13 22:19:00 s3 status (1,goodbye)
2016/01/13 22:19:00 4 Start 1 on yyy
2016/01/13 22:19:00 s0 status (1,goodbye)
2016/01/13 22:19:00 s1 status (1,goodbye)
2016/01/13 22:19:00 s2 status (1,goodbye)
2016/01/13 22:19:00 s3 status (1,goodbye)
2016/01/13 22:19:00 s4 status (1,<nil>)
paxos Dial() failed: dial unix /var/tmp/824-1000/px-10275-deaf-0: connect: no such file or directory
2016/01/13 22:19:00 s1 Acceptor Prepare(1452694740508601654-4)
2016/01/13 22:19:00 4 got PrepareOK
2016/01/13 22:19:00 s2 Acceptor Prepare(1452694740508601654-4)
2016/01/13 22:19:00 4 got PrepareOK
2016/01/13 22:19:00 s3 Acceptor Prepare(1452694740508601654-4)
2016/01/13 22:19:00 4 got PrepareOK
paxos Dial() failed: dial unix /var/tmp/824-1000/px-10275-deaf-4: connect: no such file or directory
2016/01/13 22:19:00 (Nmax,Vmax):(1452694739498020219-0,goodbye) after Prepare(1452694740508601654-4)
paxos Dial() failed: dial unix /var/tmp/824-1000/px-10275-deaf-0: connect: no such file or directory
paxos Dial() failed: dial unix /var/tmp/824-1000/px-10275-deaf-4: connect: no such file or directory
paxos Dial() failed: dial unix /var/tmp/824-1000/px-10275-deaf-0: connect: no such file or directory
2016/01/13 22:19:00 1 decided on goodbye
2016/01/13 22:19:00 2 decided on goodbye
2016/01/13 22:19:00 3 decided on goodbye
2016/01/13 22:19:00 1:s4 sent Decide goodbye.
2016/01/13 22:19:00 s0 status (1,goodbye)
2016/01/13 22:19:00 s1 status (1,goodbye)
2016/01/13 22:19:00 s2 status (1,goodbye)
2016/01/13 22:19:00 s3 status (1,goodbye)
2016/01/13 22:19:00 s4 status (1,goodbye)
2016/01/13 22:19:00 s0 status (1,goodbye)
2016/01/13 22:19:00 s1 status (1,goodbye)
2016/01/13 22:19:00 s2 status (1,goodbye)
2016/01/13 22:19:00 s3 status (1,goodbye)
2016/01/13 22:19:00 s4 status (1,goodbye)
  ... Passed
2016/01/13 22:19:00 method Done has wrong number of ins: 2
2016/01/13 22:19:00 method Kill has wrong number of ins: 1
2016/01/13 22:19:00 method Max has wrong number of ins: 1
2016/01/13 22:19:00 method Min has wrong number of ins: 1
2016/01/13 22:19:00 method RunProposor reply type not a pointer: interface {}
2016/01/13 22:19:00 method Start reply type not a pointer: interface {}
2016/01/13 22:19:00 method Status has wrong number of ins: 2
2016/01/13 22:19:00 method Done has wrong number of ins: 2
2016/01/13 22:19:00 method Kill has wrong number of ins: 1
2016/01/13 22:19:00 method Max has wrong number of ins: 1
2016/01/13 22:19:00 method Min has wrong number of ins: 1
2016/01/13 22:19:00 method RunProposor reply type not a pointer: interface {}
2016/01/13 22:19:00 method Start reply type not a pointer: interface {}
2016/01/13 22:19:00 method Status has wrong number of ins: 2
2016/01/13 22:19:00 method Done has wrong number of ins: 2
2016/01/13 22:19:00 method Kill has wrong number of ins: 1
2016/01/13 22:19:00 method Max has wrong number of ins: 1
2016/01/13 22:19:00 method Min has wrong number of ins: 1
2016/01/13 22:19:00 method RunProposor reply type not a pointer: interface {}
2016/01/13 22:19:00 method Start reply type not a pointer: interface {}
2016/01/13 22:19:00 method Status has wrong number of ins: 2
2016/01/13 22:19:00 method Done has wrong number of ins: 2
2016/01/13 22:19:00 method Kill has wrong number of ins: 1
2016/01/13 22:19:00 method Max has wrong number of ins: 1
2016/01/13 22:19:00 method Min has wrong number of ins: 1
2016/01/13 22:19:00 method RunProposor reply type not a pointer: interface {}
2016/01/13 22:19:00 method Start reply type not a pointer: interface {}
2016/01/13 22:19:00 method Status has wrong number of ins: 2
2016/01/13 22:19:00 method Done has wrong number of ins: 2
2016/01/13 22:19:00 method Kill has wrong number of ins: 1
2016/01/13 22:19:00 method Max has wrong number of ins: 1
2016/01/13 22:19:00 method Min has wrong number of ins: 1
2016/01/13 22:19:00 method RunProposor reply type not a pointer: interface {}
2016/01/13 22:19:00 method Start reply type not a pointer: interface {}
2016/01/13 22:19:00 method Status has wrong number of ins: 2
2016/01/13 22:19:00 method Done has wrong number of ins: 2
2016/01/13 22:19:00 method Kill has wrong number of ins: 1
2016/01/13 22:19:00 method Max has wrong number of ins: 1
2016/01/13 22:19:00 method Min has wrong number of ins: 1
2016/01/13 22:19:00 method RunProposor reply type not a pointer: interface {}
2016/01/13 22:19:00 method Start reply type not a pointer: interface {}
2016/01/13 22:19:00 method Status has wrong number of ins: 2
Test: Forgetting ...
2016/01/13 22:19:00 0 Start 0 on 00
2016/01/13 22:19:00 1 Start 1 on 11
2016/01/13 22:19:00 2 Start 2 on 22
2016/01/13 22:19:00 0 Start 6 on 66
2016/01/13 22:19:00 1 Start 7 on 77
2016/01/13 22:19:00 s0 status (0,<nil>)
2016/01/13 22:19:00 s0 Acceptor Prepare(1452694740520729555-1)
2016/01/13 22:19:00 s0 Acceptor Prepare(1452694740520468215-0)
2016/01/13 22:19:00 s0 Acceptor Prepare(1452694740520475719-2)
2016/01/13 22:19:00 s0 Acceptor Prepare(1452694740520497524-1)
2016/01/13 22:19:00 s0 Acceptor Prepare(1452694740520692649-0)
2016/01/13 22:19:00 2 got PrepareOK
2016/01/13 22:19:00 0 got PrepareOK
2016/01/13 22:19:00 1 got PrepareOK
2016/01/13 22:19:00 0 got PrepareOK
2016/01/13 22:19:00 1 got PrepareOK
2016/01/13 22:19:00 s1 Acceptor Prepare(1452694740520729555-1)
2016/01/13 22:19:00 s1 Acceptor Prepare(1452694740520692649-0)
2016/01/13 22:19:00 s1 Acceptor Prepare(1452694740520497524-1)
2016/01/13 22:19:00 s1 Acceptor Prepare(1452694740520475719-2)
2016/01/13 22:19:00 1 got PrepareOK
2016/01/13 22:19:00 1 got PrepareOK
2016/01/13 22:19:00 s1 Acceptor Prepare(1452694740520468215-0)
2016/01/13 22:19:00 0 got PrepareOK
2016/01/13 22:19:00 s2 Acceptor Prepare(1452694740520497524-1)
2016/01/13 22:19:00 2 got PrepareOK
2016/01/13 22:19:00 s2 Acceptor Prepare(1452694740520692649-0)
2016/01/13 22:19:00 s2 Acceptor Prepare(1452694740520729555-1)
2016/01/13 22:19:00 0 got PrepareOK
2016/01/13 22:19:00 s2 Acceptor Prepare(1452694740520475719-2)
2016/01/13 22:19:00 1 got PrepareOK
2016/01/13 22:19:00 0 got PrepareOK
2016/01/13 22:19:00 s2 Acceptor Prepare(1452694740520468215-0)
2016/01/13 22:19:00 1 got PrepareOK
2016/01/13 22:19:00 2 got PrepareOK
2016/01/13 22:19:00 s3 Acceptor Prepare(1452694740520729555-1)
2016/01/13 22:19:00 s3 Acceptor Prepare(1452694740520497524-1)
2016/01/13 22:19:00 s3 Acceptor Prepare(1452694740520475719-2)
2016/01/13 22:19:00 s3 Acceptor Prepare(1452694740520692649-0)
2016/01/13 22:19:00 1 got PrepareOK
2016/01/13 22:19:00 1 got PrepareOK
2016/01/13 22:19:00 0 got PrepareOK
2016/01/13 22:19:00 2 got PrepareOK
2016/01/13 22:19:00 s4 Acceptor Prepare(1452694740520692649-0)
2016/01/13 22:19:00 s4 Acceptor Prepare(1452694740520497524-1)
2016/01/13 22:19:00 1 got PrepareOK
2016/01/13 22:19:00 s4 Acceptor Prepare(1452694740520475719-2)
2016/01/13 22:19:00 s4 Acceptor Prepare(1452694740520729555-1)
2016/01/13 22:19:00 0 got PrepareOK
2016/01/13 22:19:00 s5 Acceptor Prepare(1452694740520497524-1)
2016/01/13 22:19:00 1 got PrepareOK
2016/01/13 22:19:00 s5 Acceptor Prepare(1452694740520692649-0)
2016/01/13 22:19:00 2 got PrepareOK
2016/01/13 22:19:00 1 got PrepareOK
2016/01/13 22:19:00 (Nmax,Vmax):(0,<nil>) after Prepare(1452694740520497524-1)
2016/01/13 22:19:00 s5 Acceptor Prepare(1452694740520729555-1)
2016/01/13 22:19:00 0 got PrepareOK
2016/01/13 22:19:00 (Nmax,Vmax):(0,<nil>) after Prepare(1452694740520692649-0)
2016/01/13 22:19:00 s5 Acceptor Prepare(1452694740520475719-2)
2016/01/13 22:19:00 1 got PrepareOK
2016/01/13 22:19:00 (Nmax,Vmax):(0,<nil>) after Prepare(1452694740520729555-1)
2016/01/13 22:19:00 2 got PrepareOK
2016/01/13 22:19:00 (Nmax,Vmax):(0,<nil>) after Prepare(1452694740520475719-2)
2016/01/13 22:19:00 0 got PrepareOK
2016/01/13 22:19:00 s3 Acceptor Prepare(1452694740520468215-0)
2016/01/13 22:19:00 0 got PrepareOK
2016/01/13 22:19:00 s4 Acceptor Prepare(1452694740520468215-0)
2016/01/13 22:19:00 0 got PrepareOK
2016/01/13 22:19:00 s0 status (0,00)
2016/01/13 22:19:00 s1 status (0,00)
2016/01/13 22:19:00 s2 status (0,00)
2016/01/13 22:19:00 s3 status (0,<nil>)
2016/01/13 22:19:00 s4 status (0,<nil>)
2016/01/13 22:19:00 s5 status (0,<nil>)
2016/01/13 22:19:00 s5 Acceptor Prepare(1452694740520468215-0)
2016/01/13 22:19:00 0 got PrepareOK
2016/01/13 22:19:00 (Nmax,Vmax):(0,<nil>) after Prepare(1452694740520468215-0)
2016/01/13 22:19:00 1 decided on 00
2016/01/13 22:19:00 0 decided on 11
2016/01/13 22:19:00 0 decided on 22
2016/01/13 22:19:00 2 decided on 00
2016/01/13 22:19:00 0 decided on 77
2016/01/13 22:19:00 2 decided on 11
2016/01/13 22:19:00 2 decided on 77
2016/01/13 22:19:00 1 decided on 22
2016/01/13 22:19:00 3 decided on 77
2016/01/13 22:19:00 3 decided on 11
2016/01/13 22:19:00 3 decided on 22
2016/01/13 22:19:00 3 decided on 00
2016/01/13 22:19:00 4 decided on 77
2016/01/13 22:19:00 4 decided on 22
2016/01/13 22:19:00 4 decided on 11
2016/01/13 22:19:00 1 decided on 66
2016/01/13 22:19:00 4 decided on 00
2016/01/13 22:19:00 5 decided on 77
2016/01/13 22:19:00 7:s1 sent Decide 77.
2016/01/13 22:19:00 5 decided on 00
2016/01/13 22:19:00 5 decided on 11
2016/01/13 22:19:00 2 decided on 66
2016/01/13 22:19:00 5 decided on 22
2016/01/13 22:19:00 0:s0 sent Decide 00.
2016/01/13 22:19:00 1:s1 sent Decide 11.
2016/01/13 22:19:00 2:s2 sent Decide 22.
2016/01/13 22:19:00 3 decided on 66
2016/01/13 22:19:00 4 decided on 66
2016/01/13 22:19:00 5 decided on 66
2016/01/13 22:19:00 6:s0 sent Decide 66.
2016/01/13 22:19:00 s0 status (0,00)
2016/01/13 22:19:00 s1 status (0,00)
2016/01/13 22:19:00 s2 status (0,00)
2016/01/13 22:19:00 s3 status (0,00)
2016/01/13 22:19:00 s4 status (0,00)
2016/01/13 22:19:00 s5 status (0,00)
2016/01/13 22:19:00 s0 status (0,00)
2016/01/13 22:19:00 s1 status (0,00)
2016/01/13 22:19:00 s2 status (0,00)
2016/01/13 22:19:00 s3 status (0,00)
2016/01/13 22:19:00 s4 status (0,00)
2016/01/13 22:19:00 s5 status (0,00)
2016/01/13 22:19:00 s0 status (1,11)
2016/01/13 22:19:00 s1 status (1,11)
2016/01/13 22:19:00 s2 status (1,11)
2016/01/13 22:19:00 s3 status (1,11)
2016/01/13 22:19:00 s4 status (1,11)
2016/01/13 22:19:00 s5 status (1,11)
2016/01/13 22:19:00 s0 status (1,11)
2016/01/13 22:19:00 s1 status (1,11)
2016/01/13 22:19:00 s2 status (1,11)
2016/01/13 22:19:00 s3 status (1,11)
2016/01/13 22:19:00 s4 status (1,11)
2016/01/13 22:19:00 s5 status (1,11)
2016/01/13 22:19:00 0 Start 8 on xx
2016/01/13 22:19:00 1 Start 9 on xx
2016/01/13 22:19:00 2 Start 10 on xx
2016/01/13 22:19:00 3 Start 11 on xx
2016/01/13 22:19:00 4 Start 12 on xx
2016/01/13 22:19:00 5 Start 13 on xx
2016/01/13 22:19:00 s0 Acceptor Prepare(1452694740551632854-4)
2016/01/13 22:19:00 s0 Acceptor Prepare(1452694740551734201-5)
2016/01/13 22:19:00 s0 Acceptor Prepare(1452694740551294014-0)
2016/01/13 22:19:00 s0 Acceptor Prepare(1452694740551403115-3)
2016/01/13 22:19:00 s0 Acceptor Prepare(1452694740551426300-2)
2016/01/13 22:19:00 4 got PrepareOK
2016/01/13 22:19:00 5 got PrepareOK
2016/01/13 22:19:00 3 got PrepareOK
2016/01/13 22:19:00 0 got PrepareOK
2016/01/13 22:19:00 s0 Acceptor Prepare(1452694740551421500-1)
2016/01/13 22:19:00 1 got PrepareOK
2016/01/13 22:19:00 2 got PrepareOK
2016/01/13 22:19:00 s1 Acceptor Prepare(1452694740551294014-0)
2016/01/13 22:19:00 s1 Acceptor Prepare(1452694740551734201-5)
2016/01/13 22:19:00 s1 Acceptor Prepare(1452694740551421500-1)
2016/01/13 22:19:00 s1 Acceptor Prepare(1452694740551403115-3)
2016/01/13 22:19:00 0 got PrepareOK
2016/01/13 22:19:00 s1 Acceptor Prepare(1452694740551426300-2)
2016/01/13 22:19:00 s1 Acceptor Prepare(1452694740551632854-4)
2016/01/13 22:19:00 5 got PrepareOK
2016/01/13 22:19:00 3 got PrepareOK
2016/01/13 22:19:00 1 got PrepareOK
2016/01/13 22:19:00 2 got PrepareOK
2016/01/13 22:19:00 s2 Acceptor Prepare(1452694740551294014-0)
2016/01/13 22:19:00 s2 Acceptor Prepare(1452694740551734201-5)
2016/01/13 22:19:00 s2 Acceptor Prepare(1452694740551403115-3)
2016/01/13 22:19:00 4 got PrepareOK
2016/01/13 22:19:00 0 got PrepareOK
2016/01/13 22:19:00 s2 Acceptor Prepare(1452694740551421500-1)
2016/01/13 22:19:00 s2 Acceptor Prepare(1452694740551632854-4)
2016/01/13 22:19:00 3 got PrepareOK
2016/01/13 22:19:00 1 got PrepareOK
2016/01/13 22:19:00 s2 Acceptor Prepare(1452694740551426300-2)
2016/01/13 22:19:00 5 got PrepareOK
2016/01/13 22:19:00 2 got PrepareOK
2016/01/13 22:19:00 s3 Acceptor Prepare(1452694740551294014-0)
2016/01/13 22:19:00 s3 Acceptor Prepare(1452694740551403115-3)
2016/01/13 22:19:00 0 got PrepareOK
2016/01/13 22:19:00 s3 Acceptor Prepare(1452694740551421500-1)
2016/01/13 22:19:00 s3 Acceptor Prepare(1452694740551426300-2)
2016/01/13 22:19:00 3 got PrepareOK
2016/01/13 22:19:00 4 got PrepareOK
2016/01/13 22:19:00 s4 Acceptor Prepare(1452694740551294014-0)
2016/01/13 22:19:00 s3 Acceptor Prepare(1452694740551734201-5)
2016/01/13 22:19:00 2 got PrepareOK
2016/01/13 22:19:00 1 got PrepareOK
2016/01/13 22:19:00 0 got PrepareOK
2016/01/13 22:19:00 s3 Acceptor Prepare(1452694740551632854-4)
2016/01/13 22:19:00 s4 Acceptor Prepare(1452694740551421500-1)
2016/01/13 22:19:00 5 got PrepareOK
2016/01/13 22:19:00 s5 Acceptor Prepare(1452694740551294014-0)
2016/01/13 22:19:00 s4 Acceptor Prepare(1452694740551403115-3)
2016/01/13 22:19:00 4 got PrepareOK
2016/01/13 22:19:00 s4 Acceptor Prepare(1452694740551734201-5)
2016/01/13 22:19:00 0 got PrepareOK
2016/01/13 22:19:00 (Nmax,Vmax):(0,<nil>) after Prepare(1452694740551294014-0)
2016/01/13 22:19:00 s4 Acceptor Prepare(1452694740551426300-2)
2016/01/13 22:19:00 1 got PrepareOK
2016/01/13 22:19:00 3 got PrepareOK
2016/01/13 22:19:00 s4 Acceptor Prepare(1452694740551632854-4)
2016/01/13 22:19:00 2 got PrepareOK
2016/01/13 22:19:00 5 got PrepareOK
2016/01/13 22:19:00 4 got PrepareOK
2016/01/13 22:19:00 s5 Acceptor Prepare(1452694740551426300-2)
2016/01/13 22:19:00 2 got PrepareOK
2016/01/13 22:19:00 (Nmax,Vmax):(0,<nil>) after Prepare(1452694740551426300-2)
2016/01/13 22:19:00 s5 Acceptor Prepare(1452694740551421500-1)
2016/01/13 22:19:00 1 got PrepareOK
2016/01/13 22:19:00 (Nmax,Vmax):(0,<nil>) after Prepare(1452694740551421500-1)
2016/01/13 22:19:00 s5 Acceptor Prepare(1452694740551403115-3)
2016/01/13 22:19:00 3 got PrepareOK
2016/01/13 22:19:00 (Nmax,Vmax):(0,<nil>) after Prepare(1452694740551403115-3)
2016/01/13 22:19:00 s5 Acceptor Prepare(1452694740551734201-5)
2016/01/13 22:19:00 s5 Acceptor Prepare(1452694740551632854-4)
2016/01/13 22:19:00 4 got PrepareOK
2016/01/13 22:19:00 (Nmax,Vmax):(0,<nil>) after Prepare(1452694740551632854-4)
2016/01/13 22:19:00 5 got PrepareOK
2016/01/13 22:19:00 (Nmax,Vmax):(0,<nil>) after Prepare(1452694740551734201-5)
2016/01/13 22:19:00 1 decided on xx
2016/01/13 22:19:00 0 decided on xx
2016/01/13 22:19:00 0 decided on xx
2016/01/13 22:19:00 2 decided on xx
2016/01/13 22:19:00 1 decided on xx
2016/01/13 22:19:00 3 decided on xx
2016/01/13 22:19:00 1 decided on xx
2016/01/13 22:19:00 3 decided on xx
2016/01/13 22:19:00 4 decided on xx
2016/01/13 22:19:00 2 decided on xx
2016/01/13 22:19:00 0 decided on xx
2016/01/13 22:19:00 0 decided on xx
2016/01/13 22:19:00 0 decided on xx
2016/01/13 22:19:00 1 decided on xx
2016/01/13 22:19:00 5 decided on xx
2016/01/13 22:19:00 2 decided on xx
2016/01/13 22:19:00 4 decided on xx
2016/01/13 22:19:00 4 decided on xx
2016/01/13 22:19:00 1 decided on xx
2016/01/13 22:19:00 8:s0 sent Decide xx.
2016/01/13 22:19:00 5 decided on xx
2016/01/13 22:19:00 2 decided on xx
2016/01/13 22:19:00 2 decided on xx
2016/01/13 22:19:00 11:s3 sent Decide xx.
2016/01/13 22:19:00 3 decided on xx
2016/01/13 22:19:00 5 decided on xx
2016/01/13 22:19:00 10:s2 sent Decide xx.
2016/01/13 22:19:00 3 decided on xx
2016/01/13 22:19:00 4 decided on xx
2016/01/13 22:19:00 3 decided on xx
2016/01/13 22:19:00 5 decided on xx
2016/01/13 22:19:00 4 decided on xx
2016/01/13 22:19:00 9:s1 sent Decide xx.
2016/01/13 22:19:00 5 decided on xx
2016/01/13 22:19:00 13:s5 sent Decide xx.
2016/01/13 22:19:00 12:s4 sent Decide xx.
