2016/01/17 15:10:55 method Done has wrong number of ins: 2
2016/01/17 15:10:55 method Kill has wrong number of ins: 1
2016/01/17 15:10:55 method Max has wrong number of ins: 1
2016/01/17 15:10:55 method Min has wrong number of ins: 1
2016/01/17 15:10:55 method RunProposor reply type not a pointer: interface {}
2016/01/17 15:10:55 method Start reply type not a pointer: interface {}
2016/01/17 15:10:55 method Status has wrong number of ins: 2
2016/01/17 15:10:55 method Done has wrong number of ins: 2
2016/01/17 15:10:55 method Kill has wrong number of ins: 1
2016/01/17 15:10:55 method Max has wrong number of ins: 1
2016/01/17 15:10:55 method Min has wrong number of ins: 1
2016/01/17 15:10:55 method RunProposor reply type not a pointer: interface {}
2016/01/17 15:10:55 method Start reply type not a pointer: interface {}
2016/01/17 15:10:55 method Status has wrong number of ins: 2
2016/01/17 15:10:55 method Done has wrong number of ins: 2
2016/01/17 15:10:55 method Kill has wrong number of ins: 1
2016/01/17 15:10:55 method Max has wrong number of ins: 1
2016/01/17 15:10:55 method Min has wrong number of ins: 1
2016/01/17 15:10:55 method RunProposor reply type not a pointer: interface {}
2016/01/17 15:10:55 method Start reply type not a pointer: interface {}
2016/01/17 15:10:55 method Status has wrong number of ins: 2
Test: Single proposer ...
2016/01/17 15:10:55 p0 prepare(0,hello)
2016/01/17 15:10:55 p0 Acceptor Prepare(0)
2016/01/17 15:10:55 p1 Acceptor Prepare(0)
2016/01/17 15:10:55 p2 Acceptor Prepare(0)
2016/01/17 15:10:55 p0 send accept(0,hello)
2016/01/17 15:10:55 p0 send decide(0,hello)
2016/01/17 15:10:55 0:s0 sent Decide hello.
2016/01/17 15:10:55 s0 status (0,hello)
2016/01/17 15:10:55 s1 status (0,hello)
2016/01/17 15:10:55 s2 status (0,hello)
2016/01/17 15:10:55 s0 status (0,hello)
2016/01/17 15:10:55 s1 status (0,hello)
2016/01/17 15:10:55 s2 status (0,hello)
  ... Passed
Test: Many proposers, same value ...
2016/01/17 15:10:55 p2 prepare(1,77)
2016/01/17 15:10:55 p0 prepare(1,77)
2016/01/17 15:10:55 p1 prepare(1,77)
2016/01/17 15:10:55 p0 Acceptor Prepare(1)
2016/01/17 15:10:55 p0 Acceptor Prepare(1)
2016/01/17 15:10:55 p1 Acceptor Prepare(1)
2016/01/17 15:10:55 p1 Acceptor Prepare(1)
2016/01/17 15:10:55 p1 Acceptor Prepare(1)
2016/01/17 15:10:55 p2 Acceptor Prepare(1)
2016/01/17 15:10:55 p2 Acceptor Prepare(1)
2016/01/17 15:10:55 p1 send accept(1,77)
2016/01/17 15:10:55 p0 send accept(1,77)
2016/01/17 15:10:55 2 prepared(%!d(string=1453014655871729576-2)): less than half OK
2016/01/17 15:10:55 p2 prepare(1,77)
2016/01/17 15:10:55 p0 Acceptor Prepare(1)
2016/01/17 15:10:55 p1 Acceptor Prepare(1)
2016/01/17 15:10:55 p1 send decide(1,77)
2016/01/17 15:10:55 p2 Acceptor Prepare(1)
2016/01/17 15:10:55 p2 send accept(1,77)
2016/01/17 15:10:55 1:s1 sent Decide 77.
2016/01/17 15:10:55 p2 send decide(1,77)
2016/01/17 15:10:55 1:s2 sent Decide 77.
2016/01/17 15:10:55 s0 status (1,77)
2016/01/17 15:10:55 s1 status (1,77)
2016/01/17 15:10:55 s2 status (1,77)
2016/01/17 15:10:55 s0 status (1,77)
2016/01/17 15:10:55 s1 status (1,77)
2016/01/17 15:10:55 s2 status (1,77)
  ... Passed
Test: Many proposers, different values ...
2016/01/17 15:10:55 p2 prepare(2,102)
2016/01/17 15:10:55 p1 prepare(2,101)
2016/01/17 15:10:55 p0 prepare(2,100)
2016/01/17 15:10:55 p0 Acceptor Prepare(2)
2016/01/17 15:10:55 p1 Acceptor Prepare(2)
2016/01/17 15:10:55 p0 Acceptor Prepare(2)
2016/01/17 15:10:55 p0 Acceptor Prepare(2)
2016/01/17 15:10:55 p2 Acceptor Prepare(2)
2016/01/17 15:10:55 p1 Acceptor Prepare(2)
2016/01/17 15:10:55 p1 Acceptor Prepare(2)
2016/01/17 15:10:55 p2 send accept(2,102)
2016/01/17 15:10:55 p2 Acceptor Prepare(2)
2016/01/17 15:10:55 p1 send accept(2,101)
2016/01/17 15:10:55 p2 Acceptor Prepare(2)
2016/01/17 15:10:55 p0 send accept(2,100)
2016/01/17 15:10:55 p2 prepare(2,102)
2016/01/17 15:10:55 p0 Acceptor Prepare(2)
2016/01/17 15:10:55 p1 prepare(2,101)
2016/01/17 15:10:55 p1 Acceptor Prepare(2)
2016/01/17 15:10:55 p0 Acceptor Prepare(2)
2016/01/17 15:10:55 p0 send decide(2,100)
2016/01/17 15:10:55 p2 Acceptor Prepare(2)
2016/01/17 15:10:55 p1 Acceptor Prepare(2)
2016/01/17 15:10:55 p2 send accept(2,102)
2016/01/17 15:10:55 2:s0 sent Decide 100.
2016/01/17 15:10:55 p2 Acceptor Prepare(2)
2016/01/17 15:10:55 p1 send accept(2,101)
2016/01/17 15:10:55 p1 send decide(2,101)
2016/01/17 15:10:55 2:s1 sent Decide 100.
2016/01/17 15:10:55 s0 status (2,100)
2016/01/17 15:10:55 s1 status (2,100)
2016/01/17 15:10:55 s2 status (2,100)
2016/01/17 15:10:55 s0 status (2,100)
2016/01/17 15:10:55 s1 status (2,100)
2016/01/17 15:10:55 s2 status (2,100)
  ... Passed
Test: Out-of-order instances ...
2016/01/17 15:10:55 p0 prepare(6,600)
2016/01/17 15:10:55 p1 prepare(5,500)
2016/01/17 15:10:55 p0 Acceptor Prepare(6)
2016/01/17 15:10:55 p0 Acceptor Prepare(5)
2016/01/17 15:10:55 p1 Acceptor Prepare(6)
2016/01/17 15:10:55 p1 Acceptor Prepare(5)
2016/01/17 15:10:55 p2 Acceptor Prepare(6)
2016/01/17 15:10:55 p2 Acceptor Prepare(5)
2016/01/17 15:10:55 p0 send accept(6,600)
2016/01/17 15:10:55 p1 send accept(5,500)
2016/01/17 15:10:55 p0 send decide(6,600)
2016/01/17 15:10:55 p1 send decide(5,500)
2016/01/17 15:10:55 6:s0 sent Decide 600.
2016/01/17 15:10:55 p0 prepare(7,700)
2016/01/17 15:10:55 p0 Acceptor Prepare(7)
2016/01/17 15:10:55 5:s1 sent Decide 500.
2016/01/17 15:10:55 p1 Acceptor Prepare(7)
2016/01/17 15:10:55 p2 Acceptor Prepare(7)
2016/01/17 15:10:55 p0 send accept(7,700)
2016/01/17 15:10:55 p0 send decide(7,700)
2016/01/17 15:10:55 7:s0 sent Decide 700.
2016/01/17 15:10:55 s0 status (7,700)
2016/01/17 15:10:55 s1 status (7,700)
2016/01/17 15:10:55 s2 status (7,700)
2016/01/17 15:10:55 s0 status (7,700)
2016/01/17 15:10:55 s1 status (7,700)
2016/01/17 15:10:55 s2 status (7,700)
2016/01/17 15:10:55 s0 status (6,600)
2016/01/17 15:10:55 s1 status (6,600)
2016/01/17 15:10:55 s2 status (6,600)
2016/01/17 15:10:55 s0 status (6,600)
2016/01/17 15:10:55 s1 status (6,600)
2016/01/17 15:10:55 s2 status (6,600)
2016/01/17 15:10:55 s0 status (5,500)
2016/01/17 15:10:55 s1 status (5,500)
2016/01/17 15:10:55 s2 status (5,500)
2016/01/17 15:10:55 s0 status (5,500)
2016/01/17 15:10:55 s1 status (5,500)
2016/01/17 15:10:55 s2 status (5,500)
2016/01/17 15:10:55 s0 status (4,<nil>)
2016/01/17 15:10:55 p1 prepare(3,300)
2016/01/17 15:10:55 p0 prepare(4,400)
2016/01/17 15:10:55 p0 Acceptor Prepare(4)
2016/01/17 15:10:55 p0 Acceptor Prepare(3)
2016/01/17 15:10:55 p1 Acceptor Prepare(3)
2016/01/17 15:10:55 p1 Acceptor Prepare(4)
2016/01/17 15:10:55 p2 Acceptor Prepare(3)
2016/01/17 15:10:55 p2 Acceptor Prepare(4)
2016/01/17 15:10:55 p1 send accept(3,300)
2016/01/17 15:10:55 p0 send accept(4,400)
2016/01/17 15:10:55 p1 send decide(3,300)
2016/01/17 15:10:55 p0 send decide(4,400)
2016/01/17 15:10:55 3:s1 sent Decide 300.
2016/01/17 15:10:55 4:s0 sent Decide 400.
2016/01/17 15:10:55 s0 status (4,400)
2016/01/17 15:10:55 s1 status (4,400)
2016/01/17 15:10:55 s2 status (4,400)
2016/01/17 15:10:55 s0 status (4,400)
2016/01/17 15:10:55 s1 status (4,400)
2016/01/17 15:10:55 s2 status (4,400)
2016/01/17 15:10:55 s0 status (3,300)
2016/01/17 15:10:55 s1 status (3,300)
2016/01/17 15:10:55 s2 status (3,300)
2016/01/17 15:10:55 s0 status (3,300)
2016/01/17 15:10:55 s1 status (3,300)
2016/01/17 15:10:55 s2 status (3,300)
  ... Passed
2016/01/17 15:10:55 method Done has wrong number of ins: 2
2016/01/17 15:10:55 method Kill has wrong number of ins: 1
2016/01/17 15:10:55 method Max has wrong number of ins: 1
2016/01/17 15:10:55 method Min has wrong number of ins: 1
2016/01/17 15:10:55 method RunProposor reply type not a pointer: interface {}
2016/01/17 15:10:55 method Start reply type not a pointer: interface {}
2016/01/17 15:10:55 method Status has wrong number of ins: 2
2016/01/17 15:10:55 method Done has wrong number of ins: 2
2016/01/17 15:10:55 method Kill has wrong number of ins: 1
2016/01/17 15:10:55 method Max has wrong number of ins: 1
2016/01/17 15:10:55 method Min has wrong number of ins: 1
2016/01/17 15:10:55 method RunProposor reply type not a pointer: interface {}
2016/01/17 15:10:55 method Start reply type not a pointer: interface {}
2016/01/17 15:10:55 method Status has wrong number of ins: 2
2016/01/17 15:10:55 method Done has wrong number of ins: 2
2016/01/17 15:10:55 method Kill has wrong number of ins: 1
2016/01/17 15:10:55 method Max has wrong number of ins: 1
2016/01/17 15:10:55 method Min has wrong number of ins: 1
2016/01/17 15:10:55 method RunProposor reply type not a pointer: interface {}
2016/01/17 15:10:55 method Start reply type not a pointer: interface {}
2016/01/17 15:10:55 method Status has wrong number of ins: 2
2016/01/17 15:10:55 method Done has wrong number of ins: 2
2016/01/17 15:10:55 method Kill has wrong number of ins: 1
2016/01/17 15:10:55 method Max has wrong number of ins: 1
2016/01/17 15:10:55 method Min has wrong number of ins: 1
2016/01/17 15:10:55 method RunProposor reply type not a pointer: interface {}
2016/01/17 15:10:55 method Start reply type not a pointer: interface {}
2016/01/17 15:10:55 method Status has wrong number of ins: 2
2016/01/17 15:10:55 method Done has wrong number of ins: 2
2016/01/17 15:10:55 method Kill has wrong number of ins: 1
2016/01/17 15:10:55 method Max has wrong number of ins: 1
2016/01/17 15:10:55 method Min has wrong number of ins: 1
2016/01/17 15:10:55 method RunProposor reply type not a pointer: interface {}
2016/01/17 15:10:55 method Start reply type not a pointer: interface {}
2016/01/17 15:10:55 method Status has wrong number of ins: 2
Test: Deaf proposer ...
2016/01/17 15:10:55 p0 prepare(0,hello)
2016/01/17 15:10:55 p0 Acceptor Prepare(0)
2016/01/17 15:10:55 p1 Acceptor Prepare(0)
2016/01/17 15:10:55 p2 Acceptor Prepare(0)
2016/01/17 15:10:55 p3 Acceptor Prepare(0)
2016/01/17 15:10:55 p4 Acceptor Prepare(0)
2016/01/17 15:10:55 p0 send accept(0,hello)
2016/01/17 15:10:55 p0 send decide(0,hello)
2016/01/17 15:10:55 0:s0 sent Decide hello.
2016/01/17 15:10:55 s0 status (0,hello)
2016/01/17 15:10:55 s1 status (0,hello)
2016/01/17 15:10:55 s2 status (0,hello)
2016/01/17 15:10:55 s3 status (0,hello)
2016/01/17 15:10:55 s4 status (0,hello)
2016/01/17 15:10:55 s0 status (0,hello)
2016/01/17 15:10:55 s1 status (0,hello)
2016/01/17 15:10:55 s2 status (0,hello)
2016/01/17 15:10:55 s3 status (0,hello)
2016/01/17 15:10:55 s4 status (0,hello)
2016/01/17 15:10:55 p1 prepare(1,goodbye)
paxos Dial() failed: dial unix /var/tmp/824-1000/px-30011-deaf-0: connect: no such file or directory
2016/01/17 15:10:55 p1 Acceptor Prepare(1)
2016/01/17 15:10:55 p2 Acceptor Prepare(1)
2016/01/17 15:10:55 p3 Acceptor Prepare(1)
paxos Dial() failed: dial unix /var/tmp/824-1000/px-30011-deaf-4: connect: no such file or directory
2016/01/17 15:10:55 p1 send accept(1,goodbye)
paxos Dial() failed: dial unix /var/tmp/824-1000/px-30011-deaf-0: connect: no such file or directory
paxos Dial() failed: dial unix /var/tmp/824-1000/px-30011-deaf-4: connect: no such file or directory
2016/01/17 15:10:55 p1 send decide(1,goodbye)
paxos Dial() failed: dial unix /var/tmp/824-1000/px-30011-deaf-0: connect: no such file or directory
paxos Dial() failed: dial unix /var/tmp/824-1000/px-30011-deaf-4: connect: no such file or directory
2016/01/17 15:10:55 1:s1 sent Decide goodbye.
2016/01/17 15:10:55 s1 status (1,goodbye)
2016/01/17 15:10:55 s2 status (1,goodbye)
2016/01/17 15:10:55 s3 status (1,goodbye)
2016/01/17 15:10:55 s1 status (1,goodbye)
2016/01/17 15:10:55 s2 status (1,goodbye)
2016/01/17 15:10:55 s3 status (1,goodbye)
2016/01/17 15:10:56 s1 status (1,goodbye)
2016/01/17 15:10:56 s2 status (1,goodbye)
2016/01/17 15:10:56 s3 status (1,goodbye)
2016/01/17 15:10:56 s1 status (1,goodbye)
2016/01/17 15:10:56 s2 status (1,goodbye)
2016/01/17 15:10:56 s3 status (1,goodbye)
2016/01/17 15:10:56 p0 prepare(1,xxx)
paxos Dial() failed: dial unix /var/tmp/824-1000/px-30011-deaf-0: connect: no such file or directory
2016/01/17 15:10:56 p1 Acceptor Prepare(1)
2016/01/17 15:10:56 p2 Acceptor Prepare(1)
2016/01/17 15:10:56 p3 Acceptor Prepare(1)
paxos Dial() failed: dial unix /var/tmp/824-1000/px-30011-deaf-4: connect: no such file or directory
2016/01/17 15:10:56 p0 send accept(1,xxx)
paxos Dial() failed: dial unix /var/tmp/824-1000/px-30011-deaf-0: connect: no such file or directory
paxos Dial() failed: dial unix /var/tmp/824-1000/px-30011-deaf-4: connect: no such file or directory
2016/01/17 15:10:56 p0 send decide(1,xxx)
paxos Dial() failed: dial unix /var/tmp/824-1000/px-30011-deaf-4: connect: no such file or directory
2016/01/17 15:10:56 1:s0 sent Decide goodbye.
2016/01/17 15:10:56 s0 status (1,goodbye)
2016/01/17 15:10:56 s1 status (1,goodbye)
2016/01/17 15:10:56 s2 status (1,goodbye)
2016/01/17 15:10:56 s3 status (1,goodbye)
2016/01/17 15:10:56 s0 status (1,goodbye)
2016/01/17 15:10:56 s1 status (1,goodbye)
2016/01/17 15:10:56 s2 status (1,goodbye)
2016/01/17 15:10:56 s3 status (1,goodbye)
2016/01/17 15:10:57 s0 status (1,goodbye)
2016/01/17 15:10:57 s1 status (1,goodbye)
2016/01/17 15:10:57 s2 status (1,goodbye)
2016/01/17 15:10:57 s3 status (1,goodbye)
2016/01/17 15:10:57 s0 status (1,goodbye)
2016/01/17 15:10:57 s1 status (1,goodbye)
2016/01/17 15:10:57 s2 status (1,goodbye)
2016/01/17 15:10:57 s3 status (1,goodbye)
2016/01/17 15:10:57 p4 prepare(1,yyy)
paxos Dial() failed: dial unix /var/tmp/824-1000/px-30011-deaf-0: connect: no such file or directory
2016/01/17 15:10:57 p1 Acceptor Prepare(1)
2016/01/17 15:10:57 p2 Acceptor Prepare(1)
2016/01/17 15:10:57 p3 Acceptor Prepare(1)
paxos Dial() failed: dial unix /var/tmp/824-1000/px-30011-deaf-4: connect: no such file or directory
2016/01/17 15:10:57 p4 send accept(1,yyy)
paxos Dial() failed: dial unix /var/tmp/824-1000/px-30011-deaf-0: connect: no such file or directory
paxos Dial() failed: dial unix /var/tmp/824-1000/px-30011-deaf-4: connect: no such file or directory
2016/01/17 15:10:57 p4 send decide(1,yyy)
paxos Dial() failed: dial unix /var/tmp/824-1000/px-30011-deaf-0: connect: no such file or directory
2016/01/17 15:10:57 1:s4 sent Decide goodbye.
2016/01/17 15:10:57 s0 status (1,goodbye)
2016/01/17 15:10:57 s1 status (1,goodbye)
2016/01/17 15:10:57 s2 status (1,goodbye)
2016/01/17 15:10:57 s3 status (1,goodbye)
2016/01/17 15:10:57 s4 status (1,goodbye)
2016/01/17 15:10:57 s0 status (1,goodbye)
2016/01/17 15:10:57 s1 status (1,goodbye)
2016/01/17 15:10:57 s2 status (1,goodbye)
2016/01/17 15:10:57 s3 status (1,goodbye)
2016/01/17 15:10:57 s4 status (1,goodbye)
  ... Passed
2016/01/17 15:10:57 method Done has wrong number of ins: 2
2016/01/17 15:10:57 method Kill has wrong number of ins: 1
2016/01/17 15:10:57 method Max has wrong number of ins: 1
2016/01/17 15:10:57 method Min has wrong number of ins: 1
2016/01/17 15:10:57 method RunProposor reply type not a pointer: interface {}
2016/01/17 15:10:57 method Start reply type not a pointer: interface {}
2016/01/17 15:10:57 method Status has wrong number of ins: 2
2016/01/17 15:10:57 method Done has wrong number of ins: 2
2016/01/17 15:10:57 method Kill has wrong number of ins: 1
2016/01/17 15:10:57 method Max has wrong number of ins: 1
2016/01/17 15:10:57 method Min has wrong number of ins: 1
2016/01/17 15:10:57 method RunProposor reply type not a pointer: interface {}
2016/01/17 15:10:57 method Start reply type not a pointer: interface {}
2016/01/17 15:10:57 method Status has wrong number of ins: 2
2016/01/17 15:10:57 method Done has wrong number of ins: 2
2016/01/17 15:10:57 method Kill has wrong number of ins: 1
2016/01/17 15:10:57 method Max has wrong number of ins: 1
2016/01/17 15:10:57 method Min has wrong number of ins: 1
2016/01/17 15:10:57 method RunProposor reply type not a pointer: interface {}
2016/01/17 15:10:57 method Start reply type not a pointer: interface {}
2016/01/17 15:10:57 method Status has wrong number of ins: 2
2016/01/17 15:10:57 method Done has wrong number of ins: 2
2016/01/17 15:10:57 method Kill has wrong number of ins: 1
2016/01/17 15:10:57 method Max has wrong number of ins: 1
2016/01/17 15:10:57 method Min has wrong number of ins: 1
2016/01/17 15:10:57 method RunProposor reply type not a pointer: interface {}
2016/01/17 15:10:57 method Start reply type not a pointer: interface {}
2016/01/17 15:10:57 method Status has wrong number of ins: 2
2016/01/17 15:10:57 method Done has wrong number of ins: 2
2016/01/17 15:10:57 method Kill has wrong number of ins: 1
2016/01/17 15:10:57 method Max has wrong number of ins: 1
2016/01/17 15:10:57 method Min has wrong number of ins: 1
2016/01/17 15:10:57 method RunProposor reply type not a pointer: interface {}
2016/01/17 15:10:57 method Start reply type not a pointer: interface {}
2016/01/17 15:10:57 method Status has wrong number of ins: 2
2016/01/17 15:10:57 method Done has wrong number of ins: 2
2016/01/17 15:10:57 method Kill has wrong number of ins: 1
2016/01/17 15:10:57 method Max has wrong number of ins: 1
2016/01/17 15:10:57 method Min has wrong number of ins: 1
2016/01/17 15:10:57 method RunProposor reply type not a pointer: interface {}
2016/01/17 15:10:57 method Start reply type not a pointer: interface {}
2016/01/17 15:10:57 method Status has wrong number of ins: 2
Test: Forgetting ...
2016/01/17 15:10:57 p0 prepare(0,00)
2016/01/17 15:10:57 p2 prepare(2,22)
2016/01/17 15:10:57 p1 prepare(7,77)
2016/01/17 15:10:57 p0 Acceptor Prepare(7)
2016/01/17 15:10:57 p0 Acceptor Prepare(2)
2016/01/17 15:10:57 p0 Acceptor Prepare(0)
2016/01/17 15:10:57 p1 Acceptor Prepare(7)
2016/01/17 15:10:57 p1 Acceptor Prepare(2)
2016/01/17 15:10:57 p1 Acceptor Prepare(0)
2016/01/17 15:10:57 p2 Acceptor Prepare(0)
2016/01/17 15:10:57 p2 Acceptor Prepare(2)
2016/01/17 15:10:57 p2 Acceptor Prepare(7)
2016/01/17 15:10:57 p3 Acceptor Prepare(0)
2016/01/17 15:10:57 p3 Acceptor Prepare(2)
2016/01/17 15:10:57 p3 Acceptor Prepare(7)
2016/01/17 15:10:57 p4 Acceptor Prepare(7)
2016/01/17 15:10:57 p4 Acceptor Prepare(2)
2016/01/17 15:10:57 p4 Acceptor Prepare(0)
2016/01/17 15:10:57 p5 Acceptor Prepare(7)
2016/01/17 15:10:57 p5 Acceptor Prepare(2)
2016/01/17 15:10:57 p1 send accept(7,77)
2016/01/17 15:10:57 p5 Acceptor Prepare(0)
2016/01/17 15:10:57 p2 send accept(2,22)
2016/01/17 15:10:57 p0 send accept(0,00)
2016/01/17 15:10:57 p1 send decide(7,77)
2016/01/17 15:10:57 p2 send decide(2,22)
2016/01/17 15:10:57 p0 send decide(0,00)
2016/01/17 15:10:57 s0 status (0,00)
2016/01/17 15:10:57 s1 status (0,00)
2016/01/17 15:10:57 s2 status (0,00)
2016/01/17 15:10:57 s3 status (0,00)
2016/01/17 15:10:57 s4 status (0,00)
2016/01/17 15:10:57 s5 status (0,00)
2016/01/17 15:10:57 2:s2 sent Decide 22.
2016/01/17 15:10:57 7:s1 sent Decide 77.
2016/01/17 15:10:57 p1 prepare(1,11)
2016/01/17 15:10:57 0:s0 sent Decide 00.
2016/01/17 15:10:57 p0 Acceptor Prepare(1)
2016/01/17 15:10:57 p0 prepare(6,66)
2016/01/17 15:10:57 p0 Acceptor Prepare(6)
2016/01/17 15:10:57 p1 Acceptor Prepare(1)
2016/01/17 15:10:57 p1 Acceptor Prepare(6)
2016/01/17 15:10:57 p2 Acceptor Prepare(1)
2016/01/17 15:10:57 p2 Acceptor Prepare(6)
2016/01/17 15:10:57 p3 Acceptor Prepare(1)
2016/01/17 15:10:57 p3 Acceptor Prepare(6)
2016/01/17 15:10:57 p4 Acceptor Prepare(1)
2016/01/17 15:10:57 p4 Acceptor Prepare(6)
2016/01/17 15:10:57 p5 Acceptor Prepare(1)
2016/01/17 15:10:57 p5 Acceptor Prepare(6)
2016/01/17 15:10:57 p1 send accept(1,11)
2016/01/17 15:10:57 p0 send accept(6,66)
2016/01/17 15:10:57 p0 send decide(6,66)
2016/01/17 15:10:57 p1 send decide(1,11)
2016/01/17 15:10:57 1:s1 sent Decide 11.
2016/01/17 15:10:57 6:s0 sent Decide 66.
2016/01/17 15:10:57 s0 status (0,00)
2016/01/17 15:10:57 s1 status (0,00)
2016/01/17 15:10:57 s2 status (0,00)
2016/01/17 15:10:57 s3 status (0,00)
2016/01/17 15:10:57 s4 status (0,00)
2016/01/17 15:10:57 s5 status (0,00)
2016/01/17 15:10:57 s0 status (0,00)
2016/01/17 15:10:57 s1 status (0,00)
2016/01/17 15:10:57 s2 status (0,00)
2016/01/17 15:10:57 s3 status (0,00)
2016/01/17 15:10:57 s4 status (0,00)
2016/01/17 15:10:57 s5 status (0,00)
2016/01/17 15:10:57 s0 status (1,11)
2016/01/17 15:10:57 s1 status (1,11)
2016/01/17 15:10:57 s2 status (1,11)
2016/01/17 15:10:57 s3 status (1,11)
2016/01/17 15:10:57 s4 status (1,11)
2016/01/17 15:10:57 s5 status (1,11)
2016/01/17 15:10:57 s0 status (1,11)
2016/01/17 15:10:57 s1 status (1,11)
2016/01/17 15:10:57 s2 status (1,11)
2016/01/17 15:10:57 s3 status (1,11)
2016/01/17 15:10:57 s4 status (1,11)
2016/01/17 15:10:57 s5 status (1,11)
2016/01/17 15:10:57 p0 Done(0)
2016/01/17 15:10:57 p1 Done(0)
2016/01/17 15:10:57 p2 Done(0)
2016/01/17 15:10:57 p3 Done(0)
2016/01/17 15:10:57 p4 Done(0)
2016/01/17 15:10:57 p5 Done(0)
2016/01/17 15:10:57 p1 Done(1)
2016/01/17 15:10:57 p2 Done(1)
2016/01/17 15:10:57 p3 Done(1)
2016/01/17 15:10:57 p4 Done(1)
2016/01/17 15:10:57 p5 Done(1)
2016/01/17 15:10:57 p3 prepare(11,xx)
2016/01/17 15:10:57 p5 prepare(13,xx)
2016/01/17 15:10:57 p1 prepare(9,xx)
2016/01/17 15:10:57 p4 prepare(12,xx)
2016/01/17 15:10:57 p2 prepare(10,xx)
2016/01/17 15:10:57 p0 prepare(8,xx)
2016/01/17 15:10:57 p0 Acceptor Prepare(13)
2016/01/17 15:10:57 p0 Acceptor Prepare(11)
2016/01/17 15:10:57 p0 Acceptor Prepare(10)
2016/01/17 15:10:57 p0 Acceptor Prepare(9)
2016/01/17 15:10:57 p0 Acceptor Prepare(12)
2016/01/17 15:10:57 p0 Acceptor Prepare(8)
2016/01/17 15:10:57 p1 Acceptor Prepare(11)
2016/01/17 15:10:57 p1 Acceptor Prepare(9)
2016/01/17 15:10:57 p1 Acceptor Prepare(13)
2016/01/17 15:10:57 p1 Acceptor Prepare(10)
2016/01/17 15:10:57 p1 Acceptor Prepare(12)
2016/01/17 15:10:57 p2 Acceptor Prepare(9)
2016/01/17 15:10:57 p1 Acceptor Prepare(8)
2016/01/17 15:10:57 p2 Acceptor Prepare(10)
2016/01/17 15:10:57 p3 Acceptor Prepare(9)
2016/01/17 15:10:57 p2 Acceptor Prepare(12)
2016/01/17 15:10:57 p2 Acceptor Prepare(11)
2016/01/17 15:10:57 p2 Acceptor Prepare(13)
2016/01/17 15:10:57 p2 Acceptor Prepare(8)
2016/01/17 15:10:57 p3 Acceptor Prepare(10)
2016/01/17 15:10:57 p3 Acceptor Prepare(11)
2016/01/17 15:10:57 p4 Acceptor Prepare(9)
2016/01/17 15:10:57 p3 Acceptor Prepare(12)
2016/01/17 15:10:57 p3 Acceptor Prepare(8)
2016/01/17 15:10:57 p4 Acceptor Prepare(10)
2016/01/17 15:10:57 p5 Acceptor Prepare(9)
2016/01/17 15:10:57 p4 Acceptor Prepare(12)
2016/01/17 15:10:57 p3 Acceptor Prepare(13)
2016/01/17 15:10:57 p1 send accept(9,xx)
2016/01/17 15:10:57 p4 Acceptor Prepare(11)
2016/01/17 15:10:57 p4 Acceptor Prepare(8)
2016/01/17 15:10:57 p5 Acceptor Prepare(10)
2016/01/17 15:10:57 p4 Acceptor Prepare(13)
2016/01/17 15:10:57 p5 Acceptor Prepare(12)
2016/01/17 15:10:57 p5 Acceptor Prepare(11)
2016/01/17 15:10:57 p2 send accept(10,xx)
2016/01/17 15:10:57 p4 send accept(12,xx)
2016/01/17 15:10:57 p5 Acceptor Prepare(8)
2016/01/17 15:10:57 p3 send accept(11,xx)
2016/01/17 15:10:57 p5 Acceptor Prepare(13)
2016/01/17 15:10:57 p0 send accept(8,xx)
2016/01/17 15:10:57 p5 send accept(13,xx)
2016/01/17 15:10:57 p1 send decide(9,xx)
2016/01/17 15:10:57 p3 send decide(11,xx)
2016/01/17 15:10:57 p2 send decide(10,xx)
2016/01/17 15:10:58 p0 send decide(8,xx)
2016/01/17 15:10:58 p4 send decide(12,xx)
2016/01/17 15:10:58 p5 send decide(13,xx)
2016/01/17 15:10:58 9:s1 sent Decide xx.
2016/01/17 15:10:58 11:s3 sent Decide xx.
2016/01/17 15:10:58 10:s2 sent Decide xx.
2016/01/17 15:10:58 12:s4 sent Decide xx.
2016/01/17 15:10:58 13:s5 sent Decide xx.
2016/01/17 15:10:58 8:s0 sent Decide xx.
--- FAIL: TestForget (12.03s)
	test_test.go:283: Min() did not advance after Done()
2016/01/17 15:11:09 method Done has wrong number of ins: 2
2016/01/17 15:11:09 method Kill has wrong number of ins: 1
2016/01/17 15:11:09 method Max has wrong number of ins: 1
2016/01/17 15:11:09 method Min has wrong number of ins: 1
2016/01/17 15:11:09 method RunProposor reply type not a pointer: interface {}
2016/01/17 15:11:09 method Start reply type not a pointer: interface {}
2016/01/17 15:11:09 method Status has wrong number of ins: 2
2016/01/17 15:11:09 method Done has wrong number of ins: 2
2016/01/17 15:11:09 method Kill has wrong number of ins: 1
2016/01/17 15:11:09 method Max has wrong number of ins: 1
2016/01/17 15:11:09 method Min has wrong number of ins: 1
2016/01/17 15:11:09 method RunProposor reply type not a pointer: interface {}
2016/01/17 15:11:09 method Start reply type not a pointer: interface {}
2016/01/17 15:11:09 method Status has wrong number of ins: 2
2016/01/17 15:11:09 method Done has wrong number of ins: 2
2016/01/17 15:11:09 method Kill has wrong number of ins: 1
2016/01/17 15:11:09 method Max has wrong number of ins: 1
2016/01/17 15:11:09 method Min has wrong number of ins: 1
2016/01/17 15:11:09 method RunProposor reply type not a pointer: interface {}
2016/01/17 15:11:09 method Start reply type not a pointer: interface {}
2016/01/17 15:11:09 method Status has wrong number of ins: 2
Test: Lots of forgetting ...
2016/01/17 15:11:09 p2 prepare(12,3328451335138149956)
2016/01/17 15:11:09 p1 prepare(4,2740103009342231109)
2016/01/17 15:11:09 p0 prepare(13,261049867304784443)
2016/01/17 15:11:09 p0 Acceptor Prepare(12)
2016/01/17 15:11:09 p0 Acceptor Prepare(13)
2016/01/17 15:11:09 p0 Acceptor Prepare(4)
2016/01/17 15:11:09 p1 Acceptor Prepare(4)
2016/01/17 15:11:09 p1 Acceptor Prepare(12)
2016/01/17 15:11:09 p1 Acceptor Prepare(13)
read unix @->/var/tmp/824-1000/px-30011-manygc-2: read: connection reset by peer
2016/01/17 15:11:09 p2 send accept(12,3328451335138149956)
read unix @->/var/tmp/824-1000/px-30011-manygc-2: read: connection reset by peer
unexpected EOF
2016/01/17 15:11:09 p2 Acceptor Prepare(4)
2016/01/17 15:11:09 p0 send accept(13,261049867304784443)
unexpected EOF
2016/01/17 15:11:09 p1 send accept(4,2740103009342231109)
unexpected EOF
2016/01/17 15:11:09 p2 prepare(12,3328451335138149956)
read unix @->/var/tmp/824-1000/px-30011-manygc-0: read: connection reset by peer
2016/01/17 15:11:09 p0 Acceptor Prepare(12)
2016/01/17 15:11:09 p1 Acceptor Prepare(12)
read unix @->/var/tmp/824-1000/px-30011-manygc-2: read: connection reset by peer
2016/01/17 15:11:09 p1 prepare(4,2740103009342231109)
2016/01/17 15:11:09 p0 Acceptor Prepare(4)
2016/01/17 15:11:09 p2 Acceptor Prepare(12)
2016/01/17 15:11:09 p0 send decide(13,261049867304784443)
unexpected EOF
2016/01/17 15:11:09 p2 send accept(12,3328451335138149956)
2016/01/17 15:11:09 p1 Acceptor Prepare(4)
unexpected EOF
2016/01/17 15:11:09 13:s0 sent Decide 261049867304784443.
2016/01/17 15:11:09 p0 prepare(10,5600924393587988459)
2016/01/17 15:11:09 p0 Acceptor Prepare(10)
unexpected EOF
2016/01/17 15:11:09 p1 send accept(4,2740103009342231109)
2016/01/17 15:11:09 p2 Acceptor Prepare(4)
2016/01/17 15:11:09 p1 Acceptor Prepare(10)
2016/01/17 15:11:09 p2 send decide(12,3328451335138149956)
2016/01/17 15:11:09 p2 Acceptor Prepare(10)
2016/01/17 15:11:09 p0 send accept(10,5600924393587988459)
2016/01/17 15:11:09 p1 send decide(4,2740103009342231109)
2016/01/17 15:11:09 12:s2 sent Decide 3328451335138149956.
2016/01/17 15:11:09 p2 prepare(14,6281838661429879825)
read unix @->/var/tmp/824-1000/px-30011-manygc-0: read: connection reset by peer
unexpected EOF
2016/01/17 15:11:09 p0 send decide(10,5600924393587988459)
2016/01/17 15:11:09 p1 Acceptor Prepare(14)
2016/01/17 15:11:10 4:s1 sent Decide 2740103009342231109.
read unix @->/var/tmp/824-1000/px-30011-manygc-2: read: connection reset by peer
2016/01/17 15:11:10 2 prepared(%!d(string=1453014669999216797-2)): less than half OK
2016/01/17 15:11:10 p2 prepare(14,6281838661429879825)
2016/01/17 15:11:10 s1 status (12,3328451335138149956)
2016/01/17 15:11:10 p1 prepare(2,6426100070888298971)
2016/01/17 15:11:10 p0 Acceptor Prepare(14)
2016/01/17 15:11:10 p0 Acceptor Prepare(2)
2016/01/17 15:11:10 p1 Acceptor Prepare(2)
2016/01/17 15:11:10 p1 Acceptor Prepare(14)
2016/01/17 15:11:10 10:s0 sent Decide 5600924393587988459.
2016/01/17 15:11:10 p0 prepare(0,2781055864473387780)
2016/01/17 15:11:10 p2 Acceptor Prepare(2)
2016/01/17 15:11:10 p0 Acceptor Prepare(0)
2016/01/17 15:11:10 p2 Acceptor Prepare(14)
2016/01/17 15:11:10 p1 send accept(2,6426100070888298971)
2016/01/17 15:11:10 p2 send accept(14,6281838661429879825)
2016/01/17 15:11:10 p1 Acceptor Prepare(0)
read unix @->/var/tmp/824-1000/px-30011-manygc-2: read: connection reset by peer
2016/01/17 15:11:10 p0 send accept(0,2781055864473387780)
2016/01/17 15:11:10 p1 send decide(2,6426100070888298971)
2016/01/17 15:11:10 p2 send decide(14,6281838661429879825)
2016/01/17 15:11:10 p0 send decide(0,2781055864473387780)
unexpected EOF
2016/01/17 15:11:10 2:s1 sent Decide 6426100070888298971.
2016/01/17 15:11:10 p1 prepare(19,4990765271833742716)
unexpected EOF
2016/01/17 15:11:10 14:s2 sent Decide 6281838661429879825.
read unix @->/var/tmp/824-1000/px-30011-manygc-1: read: connection reset by peer
write unix @->/var/tmp/824-1000/px-30011-manygc-2: write: broken pipe
2016/01/17 15:11:10 0:s0 sent Decide 2781055864473387780.
2016/01/17 15:11:10 p0 prepare(11,2568779411109623071)
2016/01/17 15:11:10 p0 Acceptor Prepare(19)
unexpected EOF
2016/01/17 15:11:10 p0 Acceptor Prepare(11)
2016/01/17 15:11:10 p1 Acceptor Prepare(11)
2016/01/17 15:11:10 p1 Acceptor Prepare(19)
2016/01/17 15:11:10 p2 Acceptor Prepare(11)
2016/01/17 15:11:10 p2 Acceptor Prepare(19)
2016/01/17 15:11:10 p0 send accept(11,2568779411109623071)
2016/01/17 15:11:10 p1 send accept(19,4990765271833742716)
unexpected EOF
unexpected EOF
2016/01/17 15:11:10 p0 send decide(11,2568779411109623071)
2016/01/17 15:11:10 p1 send decide(19,4990765271833742716)
unexpected EOF
2016/01/17 15:11:10 11:s0 sent Decide 2568779411109623071.
2016/01/17 15:11:10 p0 prepare(7,2601737961087659062)
2016/01/17 15:11:10 19:s1 sent Decide 4990765271833742716.
2016/01/17 15:11:10 p1 prepare(5,3337066551442961397)
unexpected EOF
2016/01/17 15:11:10 p0 Acceptor Prepare(7)
2016/01/17 15:11:10 p1 Acceptor Prepare(7)
2016/01/17 15:11:10 p0 Acceptor Prepare(5)
unexpected EOF
2016/01/17 15:11:10 p1 Acceptor Prepare(5)
2016/01/17 15:11:10 p2 Acceptor Prepare(7)
2016/01/17 15:11:10 p2 Acceptor Prepare(5)
2016/01/17 15:11:10 p0 send accept(7,2601737961087659062)
2016/01/17 15:11:10 p1 send accept(5,3337066551442961397)
write unix @->/var/tmp/824-1000/px-30011-manygc-1: write: broken pipe
2016/01/17 15:11:10 p0 send decide(7,2601737961087659062)
2016/01/17 15:11:10 p1 send decide(5,3337066551442961397)
2016/01/17 15:11:10 7:s0 sent Decide 2601737961087659062.
2016/01/17 15:11:10 p0 prepare(9,685213522303989579)
2016/01/17 15:11:10 p0 Acceptor Prepare(9)
2016/01/17 15:11:10 5:s1 sent Decide 3337066551442961397.
2016/01/17 15:11:10 p1 prepare(15,2740376916591569721)
2016/01/17 15:11:10 p0 Acceptor Prepare(15)
2016/01/17 15:11:10 p1 Acceptor Prepare(9)
2016/01/17 15:11:10 p1 Acceptor Prepare(15)
2016/01/17 15:11:10 p2 Acceptor Prepare(9)
2016/01/17 15:11:10 p0 send accept(9,685213522303989579)
2016/01/17 15:11:10 p2 Acceptor Prepare(15)
2016/01/17 15:11:10 p1 send accept(15,2740376916591569721)
unexpected EOF
read unix @->/var/tmp/824-1000/px-30011-manygc-2: read: connection reset by peer
2016/01/17 15:11:10 p0 send decide(9,685213522303989579)
2016/01/17 15:11:10 p1 send decide(15,2740376916591569721)
read unix @->/var/tmp/824-1000/px-30011-manygc-0: read: connection reset by peer
unexpected EOF
write unix @->/var/tmp/824-1000/px-30011-manygc-2: write: broken pipe
2016/01/17 15:11:10 9:s0 sent Decide 685213522303989579.
2016/01/17 15:11:10 p0 prepare(6,2873287401706343734)
2016/01/17 15:11:10 15:s1 sent Decide 2740376916591569721.
2016/01/17 15:11:10 p1 prepare(18,898860202204764712)
2016/01/17 15:11:10 p0 Acceptor Prepare(18)
2016/01/17 15:11:10 p0 Acceptor Prepare(6)
2016/01/17 15:11:10 p1 Acceptor Prepare(6)
2016/01/17 15:11:10 p1 Acceptor Prepare(18)
2016/01/17 15:11:10 p2 Acceptor Prepare(6)
2016/01/17 15:11:10 p2 Acceptor Prepare(18)
2016/01/17 15:11:10 p0 send accept(6,2873287401706343734)
2016/01/17 15:11:10 p1 send accept(18,898860202204764712)
write unix @->/var/tmp/824-1000/px-30011-manygc-1: write: broken pipe
2016/01/17 15:11:10 p0 send decide(6,2873287401706343734)
2016/01/17 15:11:10 p1 send decide(18,898860202204764712)
unexpected EOF
unexpected EOF
2016/01/17 15:11:10 18:s1 sent Decide 898860202204764712.
2016/01/17 15:11:10 p1 prepare(8,6842348953158377901)
2016/01/17 15:11:10 6:s0 sent Decide 2873287401706343734.
2016/01/17 15:11:10 p0 prepare(16,3950896730125624717)
2016/01/17 15:11:10 p0 Acceptor Prepare(8)
2016/01/17 15:11:10 p0 Acceptor Prepare(16)
2016/01/17 15:11:10 p1 Acceptor Prepare(8)
2016/01/17 15:11:10 p1 Acceptor Prepare(16)
2016/01/17 15:11:10 p2 Acceptor Prepare(8)
2016/01/17 15:11:10 p2 Acceptor Prepare(16)
2016/01/17 15:11:10 p1 send accept(8,6842348953158377901)
2016/01/17 15:11:10 p0 send accept(16,3950896730125624717)
unexpected EOF
unexpected EOF
2016/01/17 15:11:10 p1 send decide(8,6842348953158377901)
2016/01/17 15:11:10 p0 send decide(16,3950896730125624717)
2016/01/17 15:11:10 16:s0 sent Decide 3950896730125624717.
2016/01/17 15:11:10 p0 prepare(3,8505906760983331750)
2016/01/17 15:11:10 8:s1 sent Decide 6842348953158377901.
2016/01/17 15:11:10 p1 prepare(1,6735196588112087610)
2016/01/17 15:11:10 p0 Acceptor Prepare(1)
2016/01/17 15:11:10 p0 Acceptor Prepare(3)
2016/01/17 15:11:10 p1 Acceptor Prepare(3)
2016/01/17 15:11:10 p1 Acceptor Prepare(1)
write unix @->/var/tmp/824-1000/px-30011-manygc-2: write: broken pipe
2016/01/17 15:11:10 p1 send accept(1,6735196588112087610)
unexpected EOF
2016/01/17 15:11:10 p2 Acceptor Prepare(3)
2016/01/17 15:11:10 p0 send accept(3,8505906760983331750)
unexpected EOF
unexpected EOF
2016/01/17 15:11:10 p1 prepare(1,6735196588112087610)
2016/01/17 15:11:10 p0 Acceptor Prepare(1)
2016/01/17 15:11:10 p1 Acceptor Prepare(1)
unexpected EOF
2016/01/17 15:11:10 p0 send decide(3,8505906760983331750)
unexpected EOF
2016/01/17 15:11:10 p1 send accept(1,6735196588112087610)
write unix @->/var/tmp/824-1000/px-30011-manygc-0: write: broken pipe
2016/01/17 15:11:10 p2 Acceptor Prepare(1)
write unix @->/var/tmp/824-1000/px-30011-manygc-2: write: broken pipe
2016/01/17 15:11:10 3:s0 sent Decide 8505906760983331750.
write unix @->/var/tmp/824-1000/px-30011-manygc-2: write: broken pipe
2016/01/17 15:11:10 p1 prepare(1,6735196588112087610)
unexpected EOF
unexpected EOF
2016/01/17 15:11:10 p1 Acceptor Prepare(1)
2016/01/17 15:11:10 p0 Acceptor Prepare(1)
2016/01/17 15:11:10 p2 Acceptor Prepare(1)
2016/01/17 15:11:10 1 prepared(%!d(string=1453014670023696047-1)): less than half OK
2016/01/17 15:11:10 p1 prepare(1,6735196588112087610)
write unix @->/var/tmp/824-1000/px-30011-manygc-0: write: broken pipe
unexpected EOF
2016/01/17 15:11:10 p1 Acceptor Prepare(1)
2016/01/17 15:11:10 p2 Acceptor Prepare(1)
2016/01/17 15:11:10 1 prepared(%!d(string=1453014670024382714-1)): less than half OK
2016/01/17 15:11:10 p1 prepare(1,6735196588112087610)
2016/01/17 15:11:10 p0 Acceptor Prepare(1)
2016/01/17 15:11:10 p1 Acceptor Prepare(1)
2016/01/17 15:11:10 p2 Acceptor Prepare(1)
2016/01/17 15:11:10 p1 send accept(1,6735196588112087610)
unexpected EOF
2016/01/17 15:11:10 p1 send decide(1,6735196588112087610)
2016/01/17 15:11:10 1:s1 sent Decide 6735196588112087610.
2016/01/17 15:11:10 p1 prepare(17,6296367092202729479)
2016/01/17 15:11:10 p0 Acceptor Prepare(17)
unexpected EOF
2016/01/17 15:11:10 p1 Acceptor Prepare(17)
2016/01/17 15:11:10 p2 Acceptor Prepare(17)
2016/01/17 15:11:10 p1 send accept(17,6296367092202729479)
2016/01/17 15:11:10 p1 send decide(17,6296367092202729479)
write unix @->/var/tmp/824-1000/px-30011-manygc-2: write: broken pipe
2016/01/17 15:11:10 17:s1 sent Decide 6296367092202729479.
2016/01/17 15:11:10 p1 Done(12)
2016/01/17 15:11:10 s0 status (14,6281838661429879825)
2016/01/17 15:11:10 p0 Done(14)
2016/01/17 15:11:10 s2 status (2,6426100070888298971)
2016/01/17 15:11:10 p2 Done(2)
2016/01/17 15:11:10 s1 status (15,2740376916591569721)
2016/01/17 15:11:10 p1 Done(15)
2016/01/17 15:11:10 s2 status (6,2873287401706343734)
2016/01/17 15:11:10 p2 Done(6)
2016/01/17 15:11:10 s0 status (18,898860202204764712)
2016/01/17 15:11:10 p0 Done(18)
2016/01/17 15:11:10 s1 status (18,898860202204764712)
2016/01/17 15:11:10 p1 Done(18)
2016/01/17 15:11:10 s1 status (19,4990765271833742716)
